<?xml version="1.0" encoding="UTF-8"?>
<!-- Generated by org.testng.reporters.JUnitReportReporter -->
<testsuite skipped="0" hostname="ITLCPU500" name="com.extentreports.ExtendDemo" tests="1" failures="0" timestamp="2022-09-21T10:43:15 IST" time="4.929" errors="0">
  <testcase name="extentReportsDemo" time="4.929" classname="com.extentreports.ExtendDemo"/>
  <system-out/>
</testsuite> <!-- com.extentreports.ExtendDemo -->
