<?xml version="1.0" encoding="UTF-8"?>
<!-- Generated by org.testng.reporters.JUnitReportReporter -->
<testsuite skipped="0" hostname="ITLCPU500" name="com.testcases.LoginTestCases" tests="1" failures="0" timestamp="2022-09-26T11:56:53 IST" time="0.288" errors="0">
  <testcase name="pageNavigation" time="0.288" classname="com.testcases.LoginTestCases"/>
  <system-out/>
</testsuite> <!-- com.testcases.LoginTestCases -->
